2025-01-07T14:41:16.655+05:30  INFO 22408 --- [restartedMain] .e.r.SpringBootRestApiProjectApplication : Starting SpringBootRestApiProjectApplication using Java 17.0.7 with PID 22408 (D:\spring\SpringBootRestApiProject\target\classes started by DELL in D:\spring\SpringBootRestApiProject)
2025-01-07T14:41:16.657+05:30 DEBUG 22408 --- [restartedMain] .e.r.SpringBootRestApiProjectApplication : Running with Spring Boot v3.4.1, Spring v6.2.1
2025-01-07T14:41:16.659+05:30  INFO 22408 --- [restartedMain] .e.r.SpringBootRestApiProjectApplication : No active profile set, falling back to 1 default profile: "default"
2025-01-07T14:41:16.695+05:30  INFO 22408 --- [restartedMain] .e.DevToolsPropertyDefaultsPostProcessor : Devtools property defaults active! Set 'spring.devtools.add-properties' to 'false' to disable
2025-01-07T14:41:16.696+05:30  INFO 22408 --- [restartedMain] .e.DevToolsPropertyDefaultsPostProcessor : For additional web related logging consider setting the 'logging.level.web' property to 'DEBUG'
2025-01-07T14:41:17.241+05:30  INFO 22408 --- [restartedMain] .s.d.r.c.RepositoryConfigurationDelegate : Bootstrapping Spring Data JPA repositories in DEFAULT mode.
2025-01-07T14:41:17.282+05:30  INFO 22408 --- [restartedMain] .s.d.r.c.RepositoryConfigurationDelegate : Finished Spring Data repository scanning in 33 ms. Found 1 JPA repository interface.
2025-01-07T14:41:17.734+05:30  INFO 22408 --- [restartedMain] o.s.b.w.embedded.tomcat.TomcatWebServer  : Tomcat initialized with port 8080 (http)
2025-01-07T14:41:17.745+05:30  INFO 22408 --- [restartedMain] o.apache.catalina.core.StandardService   : Starting service [Tomcat]
2025-01-07T14:41:17.745+05:30  INFO 22408 --- [restartedMain] o.apache.catalina.core.StandardEngine    : Starting Servlet engine: [Apache Tomcat/10.1.34]
2025-01-07T14:41:17.782+05:30  INFO 22408 --- [restartedMain] o.a.c.c.C.[Tomcat].[localhost].[/]       : Initializing Spring embedded WebApplicationContext
2025-01-07T14:41:17.782+05:30  INFO 22408 --- [restartedMain] w.s.c.ServletWebServerApplicationContext : Root WebApplicationContext: initialization completed in 1085 ms
2025-01-07T14:41:17.871+05:30  INFO 22408 --- [restartedMain] com.zaxxer.hikari.HikariDataSource       : HikariPool-1 - Starting...
2025-01-07T14:41:18.109+05:30  INFO 22408 --- [restartedMain] com.zaxxer.hikari.pool.HikariPool        : HikariPool-1 - Added connection com.mysql.cj.jdbc.ConnectionImpl@2540e46b
2025-01-07T14:41:18.111+05:30  INFO 22408 --- [restartedMain] com.zaxxer.hikari.HikariDataSource       : HikariPool-1 - Start completed.
2025-01-07T14:41:18.150+05:30  INFO 22408 --- [restartedMain] o.hibernate.jpa.internal.util.LogHelper  : HHH000204: Processing PersistenceUnitInfo [name: default]
2025-01-07T14:41:18.197+05:30  INFO 22408 --- [restartedMain] org.hibernate.Version                    : HHH000412: Hibernate ORM core version 6.6.4.Final
2025-01-07T14:41:18.227+05:30  INFO 22408 --- [restartedMain] o.h.c.internal.RegionFactoryInitiator    : HHH000026: Second-level cache disabled
2025-01-07T14:41:18.448+05:30  INFO 22408 --- [restartedMain] o.s.o.j.p.SpringPersistenceUnitInfo      : No LoadTimeWeaver setup: ignoring JPA class transformer
2025-01-07T14:41:18.543+05:30  INFO 22408 --- [restartedMain] org.hibernate.orm.connections.pooling    : HHH10001005: Database info:
	Database JDBC URL [Connecting through datasource 'HikariDataSource (HikariPool-1)']
	Database driver: undefined/unknown
	Database version: 8.0.40
	Autocommit mode: undefined/unknown
	Isolation level: undefined/unknown
	Minimum pool size: undefined/unknown
	Maximum pool size: undefined/unknown
2025-01-07T14:41:19.138+05:30  INFO 22408 --- [restartedMain] o.h.e.t.j.p.i.JtaPlatformInitiator       : HHH000489: No JTA platform available (set 'hibernate.transaction.jta.platform' to enable JTA platform integration)
2025-01-07T14:41:19.141+05:30  INFO 22408 --- [restartedMain] j.LocalContainerEntityManagerFactoryBean : Initialized JPA EntityManagerFactory for persistence unit 'default'
2025-01-07T14:41:19.351+05:30  WARN 22408 --- [restartedMain] JpaBaseConfiguration$JpaWebConfiguration : spring.jpa.open-in-view is enabled by default. Therefore, database queries may be performed during view rendering. Explicitly configure spring.jpa.open-in-view to disable this warning
2025-01-07T14:41:19.550+05:30  INFO 22408 --- [restartedMain] r$InitializeUserDetailsManagerConfigurer : Global AuthenticationManager configured with UserDetailsService bean with name userDetailsManager
2025-01-07T14:41:19.791+05:30  INFO 22408 --- [restartedMain] o.s.v.b.OptionalValidatorFactoryBean     : Failed to set up a Bean Validation provider: jakarta.validation.NoProviderFoundException: Unable to create a Configuration, because no Jakarta Bean Validation provider could be found. Add a provider like Hibernate Validator (RI) to your classpath.
2025-01-07T14:41:19.991+05:30  INFO 22408 --- [restartedMain] o.s.b.d.a.OptionalLiveReloadServer       : LiveReload server is running on port 35729
2025-01-07T14:41:20.026+05:30  INFO 22408 --- [restartedMain] o.s.b.w.embedded.tomcat.TomcatWebServer  : Tomcat started on port 8080 (http) with context path '/'
2025-01-07T14:41:20.035+05:30  INFO 22408 --- [restartedMain] .e.r.SpringBootRestApiProjectApplication : Started SpringBootRestApiProjectApplication in 3.68 seconds (process running for 4.188)
2025-01-07T14:41:33.226+05:30  INFO 22408 --- [http-nio-8080-exec-1] o.a.c.c.C.[Tomcat].[localhost].[/]       : Initializing Spring DispatcherServlet 'dispatcherServlet'
2025-01-07T14:41:33.228+05:30  INFO 22408 --- [http-nio-8080-exec-1] o.s.web.servlet.DispatcherServlet        : Initializing Servlet 'dispatcherServlet'
2025-01-07T14:41:33.229+05:30  INFO 22408 --- [http-nio-8080-exec-1] o.s.web.servlet.DispatcherServlet        : Completed initialization in 1 ms
2025-01-07T14:41:33.271+05:30  INFO 22408 --- [http-nio-8080-exec-1] c.e.r.controller.studentController       : Home endpoint accessed.
2025-01-07T14:41:54.958+05:30  INFO 22408 --- [File Watcher] rtingClassPathChangeChangedEventListener : Restarting due to 1 class path change (0 additions, 0 deletions, 1 modification)
2025-01-07T14:41:54.962+05:30  INFO 22408 --- [Thread-5] o.s.b.w.e.tomcat.GracefulShutdown        : Commencing graceful shutdown. Waiting for active requests to complete
2025-01-07T14:41:55.059+05:30  INFO 22408 --- [tomcat-shutdown] o.s.b.w.e.tomcat.GracefulShutdown        : Graceful shutdown complete
2025-01-07T14:41:55.062+05:30  INFO 22408 --- [Thread-5] j.LocalContainerEntityManagerFactoryBean : Closing JPA EntityManagerFactory for persistence unit 'default'
2025-01-07T14:41:55.065+05:30  INFO 22408 --- [Thread-5] com.zaxxer.hikari.HikariDataSource       : HikariPool-1 - Shutdown initiated...
2025-01-07T14:41:55.072+05:30  INFO 22408 --- [Thread-5] com.zaxxer.hikari.HikariDataSource       : HikariPool-1 - Shutdown completed.
2025-01-07T14:43:33.188+05:30  INFO 22408 --- [restartedMain] .e.r.SpringBootRestApiProjectApplication : Starting SpringBootRestApiProjectApplication using Java 17.0.7 with PID 22408 (D:\spring\SpringBootRestApiProject\target\classes started by DELL in D:\spring\SpringBootRestApiProject)
2025-01-07T14:43:33.191+05:30 DEBUG 22408 --- [restartedMain] .e.r.SpringBootRestApiProjectApplication : Running with Spring Boot v3.4.1, Spring v6.2.1
2025-01-07T14:43:33.191+05:30  INFO 22408 --- [restartedMain] .e.r.SpringBootRestApiProjectApplication : No active profile set, falling back to 1 default profile: "default"
2025-01-07T14:43:33.470+05:30  INFO 22408 --- [restartedMain] .s.d.r.c.RepositoryConfigurationDelegate : Bootstrapping Spring Data JPA repositories in DEFAULT mode.
2025-01-07T14:43:33.478+05:30  INFO 22408 --- [restartedMain] .s.d.r.c.RepositoryConfigurationDelegate : Finished Spring Data repository scanning in 7 ms. Found 1 JPA repository interface.
2025-01-07T14:43:33.552+05:30  INFO 22408 --- [restartedMain] o.s.b.w.embedded.tomcat.TomcatWebServer  : Tomcat initialized with port 8080 (http)
2025-01-07T14:43:33.552+05:30  INFO 22408 --- [restartedMain] o.apache.catalina.core.StandardService   : Starting service [Tomcat]
2025-01-07T14:43:33.553+05:30  INFO 22408 --- [restartedMain] o.apache.catalina.core.StandardEngine    : Starting Servlet engine: [Apache Tomcat/10.1.34]
2025-01-07T14:43:33.565+05:30  INFO 22408 --- [restartedMain] o.a.c.c.C.[Tomcat].[localhost].[/]       : Initializing Spring embedded WebApplicationContext
2025-01-07T14:43:33.565+05:30  INFO 22408 --- [restartedMain] w.s.c.ServletWebServerApplicationContext : Root WebApplicationContext: initialization completed in 373 ms
2025-01-07T14:43:33.598+05:30  INFO 22408 --- [restartedMain] com.zaxxer.hikari.HikariDataSource       : HikariPool-3 - Starting...
2025-01-07T14:43:33.613+05:30  INFO 22408 --- [restartedMain] com.zaxxer.hikari.pool.HikariPool        : HikariPool-3 - Added connection com.mysql.cj.jdbc.ConnectionImpl@4e2e1939
2025-01-07T14:43:33.613+05:30  INFO 22408 --- [restartedMain] com.zaxxer.hikari.HikariDataSource       : HikariPool-3 - Start completed.
2025-01-07T14:43:33.618+05:30  INFO 22408 --- [restartedMain] o.hibernate.jpa.internal.util.LogHelper  : HHH000204: Processing PersistenceUnitInfo [name: default]
2025-01-07T14:43:33.619+05:30  INFO 22408 --- [restartedMain] o.h.c.internal.RegionFactoryInitiator    : HHH000026: Second-level cache disabled
2025-01-07T14:43:33.628+05:30  INFO 22408 --- [restartedMain] o.s.o.j.p.SpringPersistenceUnitInfo      : No LoadTimeWeaver setup: ignoring JPA class transformer
2025-01-07T14:43:33.630+05:30  INFO 22408 --- [restartedMain] org.hibernate.orm.connections.pooling    : HHH10001005: Database info:
	Database JDBC URL [Connecting through datasource 'HikariDataSource (HikariPool-3)']
	Database driver: undefined/unknown
	Database version: 8.0.40
	Autocommit mode: undefined/unknown
	Isolation level: undefined/unknown
	Minimum pool size: undefined/unknown
	Maximum pool size: undefined/unknown
2025-01-07T14:43:33.657+05:30  INFO 22408 --- [restartedMain] o.h.e.t.j.p.i.JtaPlatformInitiator       : HHH000489: No JTA platform available (set 'hibernate.transaction.jta.platform' to enable JTA platform integration)
2025-01-07T14:43:33.657+05:30  INFO 22408 --- [restartedMain] j.LocalContainerEntityManagerFactoryBean : Initialized JPA EntityManagerFactory for persistence unit 'default'
2025-01-07T14:43:33.700+05:30  WARN 22408 --- [restartedMain] JpaBaseConfiguration$JpaWebConfiguration : spring.jpa.open-in-view is enabled by default. Therefore, database queries may be performed during view rendering. Explicitly configure spring.jpa.open-in-view to disable this warning
2025-01-07T14:43:33.877+05:30  INFO 22408 --- [restartedMain] r$InitializeUserDetailsManagerConfigurer : Global AuthenticationManager configured with UserDetailsService bean with name userDetailsManager
2025-01-07T14:43:33.933+05:30  INFO 22408 --- [restartedMain] o.s.v.b.OptionalValidatorFactoryBean     : Failed to set up a Bean Validation provider: jakarta.validation.NoProviderFoundException: Unable to create a Configuration, because no Jakarta Bean Validation provider could be found. Add a provider like Hibernate Validator (RI) to your classpath.
2025-01-07T14:43:33.972+05:30  INFO 22408 --- [restartedMain] o.s.b.d.a.OptionalLiveReloadServer       : LiveReload server is running on port 35729
2025-01-07T14:43:33.981+05:30  INFO 22408 --- [restartedMain] o.s.b.w.embedded.tomcat.TomcatWebServer  : Tomcat started on port 8080 (http) with context path '/'
2025-01-07T14:43:33.987+05:30  INFO 22408 --- [restartedMain] .e.r.SpringBootRestApiProjectApplication : Started SpringBootRestApiProjectApplication in 0.815 seconds (process running for 138.117)
2025-01-07T14:43:33.989+05:30  INFO 22408 --- [restartedMain] .ConditionEvaluationDeltaLoggingListener : Condition evaluation unchanged
2025-01-07T14:43:39.015+05:30  INFO 22408 --- [http-nio-8080-exec-2] o.a.c.c.C.[Tomcat].[localhost].[/]       : Initializing Spring DispatcherServlet 'dispatcherServlet'
2025-01-07T14:43:39.015+05:30  INFO 22408 --- [http-nio-8080-exec-2] o.s.web.servlet.DispatcherServlet        : Initializing Servlet 'dispatcherServlet'
2025-01-07T14:43:39.016+05:30  INFO 22408 --- [http-nio-8080-exec-2] o.s.web.servlet.DispatcherServlet        : Completed initialization in 1 ms
2025-01-07T14:43:39.019+05:30 DEBUG 22408 --- [http-nio-8080-exec-2] c.e.r.controller.studentController       : Fetching all students.
2025-01-07T14:50:04.517+05:30  INFO 22408 --- [File Watcher] rtingClassPathChangeChangedEventListener : Restarting due to 1 class path change (0 additions, 0 deletions, 1 modification)
2025-01-07T14:50:04.535+05:30  INFO 22408 --- [Thread-11] o.s.b.w.e.tomcat.GracefulShutdown        : Commencing graceful shutdown. Waiting for active requests to complete
2025-01-07T14:50:04.630+05:30  INFO 22408 --- [tomcat-shutdown] o.s.b.w.e.tomcat.GracefulShutdown        : Graceful shutdown complete
2025-01-07T14:50:04.636+05:30  INFO 22408 --- [Thread-11] j.LocalContainerEntityManagerFactoryBean : Closing JPA EntityManagerFactory for persistence unit 'default'
2025-01-07T14:50:04.646+05:30  INFO 22408 --- [Thread-11] com.zaxxer.hikari.HikariDataSource       : HikariPool-3 - Shutdown initiated...
2025-01-07T14:50:04.660+05:30  INFO 22408 --- [Thread-11] com.zaxxer.hikari.HikariDataSource       : HikariPool-3 - Shutdown completed.
2025-01-07T14:50:04.803+05:30  INFO 22408 --- [restartedMain] .e.r.SpringBootRestApiProjectApplication : Starting SpringBootRestApiProjectApplication using Java 17.0.7 with PID 22408 (D:\spring\SpringBootRestApiProject\target\classes started by DELL in D:\spring\SpringBootRestApiProject)
2025-01-07T14:50:04.804+05:30 DEBUG 22408 --- [restartedMain] .e.r.SpringBootRestApiProjectApplication : Running with Spring Boot v3.4.1, Spring v6.2.1
2025-01-07T14:50:04.804+05:30  INFO 22408 --- [restartedMain] .e.r.SpringBootRestApiProjectApplication : No active profile set, falling back to 1 default profile: "default"
2025-01-07T14:50:04.972+05:30  INFO 22408 --- [restartedMain] .s.d.r.c.RepositoryConfigurationDelegate : Bootstrapping Spring Data JPA repositories in DEFAULT mode.
2025-01-07T14:50:04.982+05:30  INFO 22408 --- [restartedMain] .s.d.r.c.RepositoryConfigurationDelegate : Finished Spring Data repository scanning in 8 ms. Found 1 JPA repository interface.
2025-01-07T14:50:05.069+05:30  INFO 22408 --- [restartedMain] o.s.b.w.embedded.tomcat.TomcatWebServer  : Tomcat initialized with port 8080 (http)
2025-01-07T14:50:05.070+05:30  INFO 22408 --- [restartedMain] o.apache.catalina.core.StandardService   : Starting service [Tomcat]
2025-01-07T14:50:05.070+05:30  INFO 22408 --- [restartedMain] o.apache.catalina.core.StandardEngine    : Starting Servlet engine: [Apache Tomcat/10.1.34]
2025-01-07T14:50:05.087+05:30  INFO 22408 --- [restartedMain] o.a.c.c.C.[Tomcat].[localhost].[/]       : Initializing Spring embedded WebApplicationContext
2025-01-07T14:50:05.087+05:30  INFO 22408 --- [restartedMain] w.s.c.ServletWebServerApplicationContext : Root WebApplicationContext: initialization completed in 282 ms
2025-01-07T14:50:05.126+05:30  INFO 22408 --- [restartedMain] com.zaxxer.hikari.HikariDataSource       : HikariPool-4 - Starting...
2025-01-07T14:50:05.159+05:30  INFO 22408 --- [restartedMain] com.zaxxer.hikari.pool.HikariPool        : HikariPool-4 - Added connection com.mysql.cj.jdbc.ConnectionImpl@27b01782
2025-01-07T14:50:05.160+05:30  INFO 22408 --- [restartedMain] com.zaxxer.hikari.HikariDataSource       : HikariPool-4 - Start completed.
2025-01-07T14:50:05.165+05:30  INFO 22408 --- [restartedMain] o.hibernate.jpa.internal.util.LogHelper  : HHH000204: Processing PersistenceUnitInfo [name: default]
2025-01-07T14:50:05.167+05:30  INFO 22408 --- [restartedMain] o.h.c.internal.RegionFactoryInitiator    : HHH000026: Second-level cache disabled
2025-01-07T14:50:05.174+05:30  INFO 22408 --- [restartedMain] o.s.o.j.p.SpringPersistenceUnitInfo      : No LoadTimeWeaver setup: ignoring JPA class transformer
2025-01-07T14:50:05.176+05:30  INFO 22408 --- [restartedMain] org.hibernate.orm.connections.pooling    : HHH10001005: Database info:
	Database JDBC URL [Connecting through datasource 'HikariDataSource (HikariPool-4)']
	Database driver: undefined/unknown
	Database version: 8.0.40
	Autocommit mode: undefined/unknown
	Isolation level: undefined/unknown
	Minimum pool size: undefined/unknown
	Maximum pool size: undefined/unknown
2025-01-07T14:50:05.199+05:30  INFO 22408 --- [restartedMain] o.h.e.t.j.p.i.JtaPlatformInitiator       : HHH000489: No JTA platform available (set 'hibernate.transaction.jta.platform' to enable JTA platform integration)
2025-01-07T14:50:05.199+05:30  INFO 22408 --- [restartedMain] j.LocalContainerEntityManagerFactoryBean : Initialized JPA EntityManagerFactory for persistence unit 'default'
2025-01-07T14:50:05.250+05:30  WARN 22408 --- [restartedMain] JpaBaseConfiguration$JpaWebConfiguration : spring.jpa.open-in-view is enabled by default. Therefore, database queries may be performed during view rendering. Explicitly configure spring.jpa.open-in-view to disable this warning
2025-01-07T14:50:05.433+05:30  INFO 22408 --- [restartedMain] r$InitializeUserDetailsManagerConfigurer : Global AuthenticationManager configured with UserDetailsService bean with name userDetailsManager
2025-01-07T14:50:05.599+05:30  INFO 22408 --- [restartedMain] o.s.v.b.OptionalValidatorFactoryBean     : Failed to set up a Bean Validation provider: jakarta.validation.NoProviderFoundException: Unable to create a Configuration, because no Jakarta Bean Validation provider could be found. Add a provider like Hibernate Validator (RI) to your classpath.
2025-01-07T14:50:05.678+05:30  INFO 22408 --- [restartedMain] o.s.b.d.a.OptionalLiveReloadServer       : LiveReload server is running on port 35729
2025-01-07T14:50:05.688+05:30  INFO 22408 --- [restartedMain] o.s.b.w.embedded.tomcat.TomcatWebServer  : Tomcat started on port 8080 (http) with context path '/'
2025-01-07T14:50:05.694+05:30  INFO 22408 --- [restartedMain] .e.r.SpringBootRestApiProjectApplication : Started SpringBootRestApiProjectApplication in 0.917 seconds (process running for 529.757)
2025-01-07T14:50:05.696+05:30  INFO 22408 --- [restartedMain] .ConditionEvaluationDeltaLoggingListener : Condition evaluation unchanged
2025-01-07T14:50:42.913+05:30  INFO 22408 --- [http-nio-8080-exec-2] o.a.c.c.C.[Tomcat].[localhost].[/]       : Initializing Spring DispatcherServlet 'dispatcherServlet'
2025-01-07T14:50:42.913+05:30  INFO 22408 --- [http-nio-8080-exec-2] o.s.web.servlet.DispatcherServlet        : Initializing Servlet 'dispatcherServlet'
2025-01-07T14:50:42.915+05:30  INFO 22408 --- [http-nio-8080-exec-2] o.s.web.servlet.DispatcherServlet        : Completed initialization in 1 ms
2025-01-07T14:50:43.146+05:30 DEBUG 22408 --- [http-nio-8080-exec-2] c.e.r.controller.studentController       : Fetching all students.
2025-01-07T14:50:43.146+05:30  INFO 22408 --- [http-nio-8080-exec-2] c.e.r.r.service.StudentServiceImpl       : Fetching all students.
2025-01-07T14:52:40.677+05:30  INFO 22408 --- [RMI TCP Connection(34)-127.0.0.1] inMXBeanRegistrar$SpringApplicationAdmin : Application shutdown requested.
2025-01-07T14:52:40.678+05:30  INFO 22408 --- [RMI TCP Connection(34)-127.0.0.1] o.s.b.w.e.tomcat.GracefulShutdown        : Commencing graceful shutdown. Waiting for active requests to complete
2025-01-07T14:52:40.769+05:30  INFO 22408 --- [tomcat-shutdown] o.s.b.w.e.tomcat.GracefulShutdown        : Graceful shutdown complete
2025-01-07T14:52:40.771+05:30  INFO 22408 --- [RMI TCP Connection(34)-127.0.0.1] j.LocalContainerEntityManagerFactoryBean : Closing JPA EntityManagerFactory for persistence unit 'default'
2025-01-07T14:52:40.773+05:30  INFO 22408 --- [RMI TCP Connection(34)-127.0.0.1] com.zaxxer.hikari.HikariDataSource       : HikariPool-4 - Shutdown initiated...
2025-01-07T14:52:40.778+05:30  INFO 22408 --- [RMI TCP Connection(34)-127.0.0.1] com.zaxxer.hikari.HikariDataSource       : HikariPool-4 - Shutdown completed.
2025-01-07T14:52:48.514+05:30  INFO 17432 --- [restartedMain] .e.r.SpringBootRestApiProjectApplication : Starting SpringBootRestApiProjectApplication using Java 17.0.7 with PID 17432 (D:\spring\SpringBootRestApiProject\target\classes started by DELL in D:\spring\SpringBootRestApiProject)
2025-01-07T14:52:48.515+05:30 DEBUG 17432 --- [restartedMain] .e.r.SpringBootRestApiProjectApplication : Running with Spring Boot v3.4.1, Spring v6.2.1
2025-01-07T14:52:48.516+05:30  INFO 17432 --- [restartedMain] .e.r.SpringBootRestApiProjectApplication : No active profile set, falling back to 1 default profile: "default"
2025-01-07T14:52:48.554+05:30  INFO 17432 --- [restartedMain] .e.DevToolsPropertyDefaultsPostProcessor : Devtools property defaults active! Set 'spring.devtools.add-properties' to 'false' to disable
2025-01-07T14:52:48.554+05:30  INFO 17432 --- [restartedMain] .e.DevToolsPropertyDefaultsPostProcessor : For additional web related logging consider setting the 'logging.level.web' property to 'DEBUG'
2025-01-07T14:52:49.126+05:30  INFO 17432 --- [restartedMain] .s.d.r.c.RepositoryConfigurationDelegate : Bootstrapping Spring Data JPA repositories in DEFAULT mode.
2025-01-07T14:52:49.174+05:30  INFO 17432 --- [restartedMain] .s.d.r.c.RepositoryConfigurationDelegate : Finished Spring Data repository scanning in 39 ms. Found 1 JPA repository interface.
2025-01-07T14:52:49.647+05:30  INFO 17432 --- [restartedMain] o.s.b.w.embedded.tomcat.TomcatWebServer  : Tomcat initialized with port 8080 (http)
2025-01-07T14:52:49.658+05:30  INFO 17432 --- [restartedMain] o.apache.catalina.core.StandardService   : Starting service [Tomcat]
2025-01-07T14:52:49.658+05:30  INFO 17432 --- [restartedMain] o.apache.catalina.core.StandardEngine    : Starting Servlet engine: [Apache Tomcat/10.1.34]
2025-01-07T14:52:49.698+05:30  INFO 17432 --- [restartedMain] o.a.c.c.C.[Tomcat].[localhost].[/]       : Initializing Spring embedded WebApplicationContext
2025-01-07T14:52:49.698+05:30  INFO 17432 --- [restartedMain] w.s.c.ServletWebServerApplicationContext : Root WebApplicationContext: initialization completed in 1143 ms
2025-01-07T14:52:49.817+05:30  INFO 17432 --- [restartedMain] com.zaxxer.hikari.HikariDataSource       : HikariPool-1 - Starting...
2025-01-07T14:52:50.066+05:30  INFO 17432 --- [restartedMain] com.zaxxer.hikari.pool.HikariPool        : HikariPool-1 - Added connection com.mysql.cj.jdbc.ConnectionImpl@75b24445
2025-01-07T14:52:50.068+05:30  INFO 17432 --- [restartedMain] com.zaxxer.hikari.HikariDataSource       : HikariPool-1 - Start completed.
2025-01-07T14:52:50.104+05:30  INFO 17432 --- [restartedMain] o.hibernate.jpa.internal.util.LogHelper  : HHH000204: Processing PersistenceUnitInfo [name: default]
2025-01-07T14:52:50.140+05:30  INFO 17432 --- [restartedMain] org.hibernate.Version                    : HHH000412: Hibernate ORM core version 6.6.4.Final
2025-01-07T14:52:50.166+05:30  INFO 17432 --- [restartedMain] o.h.c.internal.RegionFactoryInitiator    : HHH000026: Second-level cache disabled
2025-01-07T14:52:50.413+05:30  INFO 17432 --- [restartedMain] o.s.o.j.p.SpringPersistenceUnitInfo      : No LoadTimeWeaver setup: ignoring JPA class transformer
2025-01-07T14:52:50.506+05:30  INFO 17432 --- [restartedMain] org.hibernate.orm.connections.pooling    : HHH10001005: Database info:
	Database JDBC URL [Connecting through datasource 'HikariDataSource (HikariPool-1)']
	Database driver: undefined/unknown
	Database version: 8.0.40
	Autocommit mode: undefined/unknown
	Isolation level: undefined/unknown
	Minimum pool size: undefined/unknown
	Maximum pool size: undefined/unknown
2025-01-07T14:52:51.045+05:30  INFO 17432 --- [restartedMain] o.h.e.t.j.p.i.JtaPlatformInitiator       : HHH000489: No JTA platform available (set 'hibernate.transaction.jta.platform' to enable JTA platform integration)
2025-01-07T14:52:51.047+05:30  INFO 17432 --- [restartedMain] j.LocalContainerEntityManagerFactoryBean : Initialized JPA EntityManagerFactory for persistence unit 'default'
2025-01-07T14:52:51.290+05:30  WARN 17432 --- [restartedMain] JpaBaseConfiguration$JpaWebConfiguration : spring.jpa.open-in-view is enabled by default. Therefore, database queries may be performed during view rendering. Explicitly configure spring.jpa.open-in-view to disable this warning
2025-01-07T14:52:51.499+05:30  INFO 17432 --- [restartedMain] r$InitializeUserDetailsManagerConfigurer : Global AuthenticationManager configured with UserDetailsService bean with name userDetailsManager
2025-01-07T14:52:51.789+05:30  INFO 17432 --- [restartedMain] o.s.v.b.OptionalValidatorFactoryBean     : Failed to set up a Bean Validation provider: jakarta.validation.NoProviderFoundException: Unable to create a Configuration, because no Jakarta Bean Validation provider could be found. Add a provider like Hibernate Validator (RI) to your classpath.
2025-01-07T14:52:51.988+05:30  INFO 17432 --- [restartedMain] o.s.b.d.a.OptionalLiveReloadServer       : LiveReload server is running on port 35729
2025-01-07T14:52:52.022+05:30  INFO 17432 --- [restartedMain] o.s.b.w.embedded.tomcat.TomcatWebServer  : Tomcat started on port 8080 (http) with context path '/'
2025-01-07T14:52:52.030+05:30  INFO 17432 --- [restartedMain] .e.r.SpringBootRestApiProjectApplication : Started SpringBootRestApiProjectApplication in 3.836 seconds (process running for 4.77)
2025-01-07T14:53:03.481+05:30  INFO 17432 --- [http-nio-8080-exec-1] o.a.c.c.C.[Tomcat].[localhost].[/]       : Initializing Spring DispatcherServlet 'dispatcherServlet'
2025-01-07T14:53:03.481+05:30  INFO 17432 --- [http-nio-8080-exec-1] o.s.web.servlet.DispatcherServlet        : Initializing Servlet 'dispatcherServlet'
2025-01-07T14:53:03.484+05:30  INFO 17432 --- [http-nio-8080-exec-1] o.s.web.servlet.DispatcherServlet        : Completed initialization in 2 ms
2025-01-07T14:53:03.703+05:30 DEBUG 17432 --- [http-nio-8080-exec-1] c.e.r.controller.studentController       : Fetching all students.
2025-01-07T14:53:03.703+05:30  INFO 17432 --- [http-nio-8080-exec-1] c.e.r.r.service.StudentServiceImpl       : Fetching all students.
2025-01-07T14:54:22.483+05:30  INFO 17432 --- [http-nio-8080-exec-4] o.springdoc.api.AbstractOpenApiResource  : Init duration for springdoc-openapi is: 607 ms
2025-01-07T14:55:44.758+05:30 ERROR 17432 --- [http-nio-8080-exec-9] c.e.r.r.service.StudentServiceImpl       : student id not found
2025-01-07T14:58:36.613+05:30  INFO 17432 --- [File Watcher] rtingClassPathChangeChangedEventListener : Restarting due to 1 class path change (0 additions, 0 deletions, 1 modification)
2025-01-07T14:58:36.616+05:30  INFO 17432 --- [Thread-5] o.s.b.w.e.tomcat.GracefulShutdown        : Commencing graceful shutdown. Waiting for active requests to complete
2025-01-07T14:58:36.700+05:30  INFO 17432 --- [tomcat-shutdown] o.s.b.w.e.tomcat.GracefulShutdown        : Graceful shutdown complete
2025-01-07T14:58:36.703+05:30  INFO 17432 --- [Thread-5] j.LocalContainerEntityManagerFactoryBean : Closing JPA EntityManagerFactory for persistence unit 'default'
2025-01-07T14:58:36.711+05:30  INFO 17432 --- [Thread-5] com.zaxxer.hikari.HikariDataSource       : HikariPool-1 - Shutdown initiated...
2025-01-07T14:58:36.723+05:30  INFO 17432 --- [Thread-5] com.zaxxer.hikari.HikariDataSource       : HikariPool-1 - Shutdown completed.
2025-01-07T14:58:36.790+05:30  INFO 17432 --- [restartedMain] .e.r.SpringBootRestApiProjectApplication : Starting SpringBootRestApiProjectApplication using Java 17.0.7 with PID 17432 (D:\spring\SpringBootRestApiProject\target\classes started by DELL in D:\spring\SpringBootRestApiProject)
2025-01-07T14:58:36.790+05:30 DEBUG 17432 --- [restartedMain] .e.r.SpringBootRestApiProjectApplication : Running with Spring Boot v3.4.1, Spring v6.2.1
2025-01-07T14:58:36.791+05:30  INFO 17432 --- [restartedMain] .e.r.SpringBootRestApiProjectApplication : No active profile set, falling back to 1 default profile: "default"
2025-01-07T14:58:36.932+05:30  INFO 17432 --- [restartedMain] .s.d.r.c.RepositoryConfigurationDelegate : Bootstrapping Spring Data JPA repositories in DEFAULT mode.
2025-01-07T14:58:36.941+05:30  INFO 17432 --- [restartedMain] .s.d.r.c.RepositoryConfigurationDelegate : Finished Spring Data repository scanning in 8 ms. Found 1 JPA repository interface.
2025-01-07T14:58:37.030+05:30  INFO 17432 --- [restartedMain] o.s.b.w.embedded.tomcat.TomcatWebServer  : Tomcat initialized with port 8080 (http)
2025-01-07T14:58:37.031+05:30  INFO 17432 --- [restartedMain] o.apache.catalina.core.StandardService   : Starting service [Tomcat]
2025-01-07T14:58:37.031+05:30  INFO 17432 --- [restartedMain] o.apache.catalina.core.StandardEngine    : Starting Servlet engine: [Apache Tomcat/10.1.34]
2025-01-07T14:58:37.045+05:30  INFO 17432 --- [restartedMain] o.a.c.c.C.[Tomcat].[localhost].[/]       : Initializing Spring embedded WebApplicationContext
2025-01-07T14:58:37.045+05:30  INFO 17432 --- [restartedMain] w.s.c.ServletWebServerApplicationContext : Root WebApplicationContext: initialization completed in 253 ms
2025-01-07T14:58:37.080+05:30  INFO 17432 --- [restartedMain] com.zaxxer.hikari.HikariDataSource       : HikariPool-2 - Starting...
2025-01-07T14:58:37.094+05:30  INFO 17432 --- [restartedMain] com.zaxxer.hikari.pool.HikariPool        : HikariPool-2 - Added connection com.mysql.cj.jdbc.ConnectionImpl@f32c86a
2025-01-07T14:58:37.094+05:30  INFO 17432 --- [restartedMain] com.zaxxer.hikari.HikariDataSource       : HikariPool-2 - Start completed.
2025-01-07T14:58:37.100+05:30  INFO 17432 --- [restartedMain] o.hibernate.jpa.internal.util.LogHelper  : HHH000204: Processing PersistenceUnitInfo [name: default]
2025-01-07T14:58:37.101+05:30  INFO 17432 --- [restartedMain] o.h.c.internal.RegionFactoryInitiator    : HHH000026: Second-level cache disabled
2025-01-07T14:58:37.110+05:30  INFO 17432 --- [restartedMain] o.s.o.j.p.SpringPersistenceUnitInfo      : No LoadTimeWeaver setup: ignoring JPA class transformer
2025-01-07T14:58:37.112+05:30  INFO 17432 --- [restartedMain] org.hibernate.orm.connections.pooling    : HHH10001005: Database info:
	Database JDBC URL [Connecting through datasource 'HikariDataSource (HikariPool-2)']
	Database driver: undefined/unknown
	Database version: 8.0.40
	Autocommit mode: undefined/unknown
	Isolation level: undefined/unknown
	Minimum pool size: undefined/unknown
	Maximum pool size: undefined/unknown
2025-01-07T14:58:37.140+05:30  INFO 17432 --- [restartedMain] o.h.e.t.j.p.i.JtaPlatformInitiator       : HHH000489: No JTA platform available (set 'hibernate.transaction.jta.platform' to enable JTA platform integration)
2025-01-07T14:58:37.140+05:30  INFO 17432 --- [restartedMain] j.LocalContainerEntityManagerFactoryBean : Initialized JPA EntityManagerFactory for persistence unit 'default'
2025-01-07T14:58:37.201+05:30  WARN 17432 --- [restartedMain] JpaBaseConfiguration$JpaWebConfiguration : spring.jpa.open-in-view is enabled by default. Therefore, database queries may be performed during view rendering. Explicitly configure spring.jpa.open-in-view to disable this warning
2025-01-07T14:58:37.382+05:30  INFO 17432 --- [restartedMain] r$InitializeUserDetailsManagerConfigurer : Global AuthenticationManager configured with UserDetailsService bean with name userDetailsManager
2025-01-07T14:58:37.459+05:30  INFO 17432 --- [restartedMain] o.s.v.b.OptionalValidatorFactoryBean     : Failed to set up a Bean Validation provider: jakarta.validation.NoProviderFoundException: Unable to create a Configuration, because no Jakarta Bean Validation provider could be found. Add a provider like Hibernate Validator (RI) to your classpath.
2025-01-07T14:58:37.530+05:30  INFO 17432 --- [restartedMain] o.s.b.d.a.OptionalLiveReloadServer       : LiveReload server is running on port 35729
2025-01-07T14:58:37.544+05:30  INFO 17432 --- [restartedMain] o.s.b.w.embedded.tomcat.TomcatWebServer  : Tomcat started on port 8080 (http) with context path '/'
2025-01-07T14:58:37.551+05:30  INFO 17432 --- [restartedMain] .e.r.SpringBootRestApiProjectApplication : Started SpringBootRestApiProjectApplication in 0.782 seconds (process running for 350.247)
2025-01-07T14:58:37.554+05:30  INFO 17432 --- [restartedMain] .ConditionEvaluationDeltaLoggingListener : Condition evaluation unchanged
2025-01-07T14:58:54.302+05:30  INFO 17432 --- [RMI TCP Connection(17)-127.0.0.1] inMXBeanRegistrar$SpringApplicationAdmin : Application shutdown requested.
2025-01-07T14:58:54.303+05:30  INFO 17432 --- [RMI TCP Connection(17)-127.0.0.1] o.s.b.w.e.tomcat.GracefulShutdown        : Commencing graceful shutdown. Waiting for active requests to complete
2025-01-07T14:58:54.387+05:30  INFO 17432 --- [tomcat-shutdown] o.s.b.w.e.tomcat.GracefulShutdown        : Graceful shutdown complete
2025-01-07T14:58:54.390+05:30  INFO 17432 --- [RMI TCP Connection(17)-127.0.0.1] j.LocalContainerEntityManagerFactoryBean : Closing JPA EntityManagerFactory for persistence unit 'default'
2025-01-07T14:58:54.390+05:30  INFO 17432 --- [RMI TCP Connection(17)-127.0.0.1] com.zaxxer.hikari.HikariDataSource       : HikariPool-2 - Shutdown initiated...
2025-01-07T14:58:54.394+05:30  INFO 17432 --- [RMI TCP Connection(17)-127.0.0.1] com.zaxxer.hikari.HikariDataSource       : HikariPool-2 - Shutdown completed.
